<?xml version="1.0" encoding="UTF-8"?>
<testsuite name="cuadros.jeffrey.etl.FormatterTest" tests="4" skipped="0" failures="0" errors="0" timestamp="2020-05-07T01:29:52" hostname="JCUADROS" time="0.004">
  <properties/>
  <testcase name="test_case_three" classname="cuadros.jeffrey.etl.FormatterTest" time="0.002"/>
  <testcase name="test_case_one" classname="cuadros.jeffrey.etl.FormatterTest" time="0.0"/>
  <testcase name="test_case_two" classname="cuadros.jeffrey.etl.FormatterTest" time="0.0"/>
  <testcase name="test_case_four" classname="cuadros.jeffrey.etl.FormatterTest" time="0.001"/>
  <system-out><![CDATA[]]></system-out>
  <system-err><![CDATA[]]></system-err>
</testsuite>
